<?xml version="1.0" encoding="UTF-8"?>
<!-- Generated by org.testng.reporters.JUnitXMLReporter -->
<testsuite ignored="0" hostname="ManojKumar" failures="0" tests="6" name="Default test" time="126.861" errors="0" timestamp="2025-03-06T14:39:50 IST">
  <testcase classname="Jenkins.Sample_Project.Flipkart" name="verifyloginpage" time="0.056"/>
  <testcase classname="Jenkins.Sample_Project.Flipkart" name="searchtheitem" time="7.398"/>
  <testcase classname="Jenkins.Sample_Project.Flipkart" name="Select_the_item_from_the_list" time="15.422"/>
  <testcase classname="Jenkins.Sample_Project.Flipkart" name="Additemtothecart" time="24.899"/>
  <testcase classname="Jenkins.Sample_Project.Flipkart" name="Gotocartandverifytheaddeditem" time="27.734"/>
  <testcase classname="Jenkins.Sample_Project.Flipkart" name="Placeorder" time="28.955"/>
</testsuite> <!-- Default test -->
