<?xml version="1.0" encoding="UTF-8"?>
<!-- Generated by org.testng.reporters.JUnitXMLReporter -->
<testsuite ignored="0" hostname="ManojKumar" failures="0" tests="6" name="Default test" time="132.898" errors="0" timestamp="2025-03-24T13:18:16 IST">
  <testcase classname="Jenkins.Sample_Project.Flipkart" name="verifyloginpage" time="0.069"/>
  <testcase classname="Jenkins.Sample_Project.Flipkart" name="searchtheitem" time="8.315"/>
  <testcase classname="Jenkins.Sample_Project.Flipkart" name="Select_the_item_from_the_list" time="16.093"/>
  <testcase classname="Jenkins.Sample_Project.Flipkart" name="Additemtothecart" time="24.959"/>
  <testcase classname="Jenkins.Sample_Project.Flipkart" name="Gotocartandverifytheaddeditem" time="28.569"/>
  <testcase classname="Jenkins.Sample_Project.Flipkart" name="Placeorder" time="29.994"/>
</testsuite> <!-- Default test -->
