<?xml version="1.0" encoding="UTF-8"?>
<testng-results ignored="0" total="6" passed="6" failed="0" skipped="0">
  <reporter-output>
    <line>
      <![CDATA[URL verified]]>
    </line>
    <line>
      <![CDATA[Page Title - Online Shopping Site for Mobiles, Electronics, Furniture, Grocery, Lifestyle, Books & More. Best Offers!]]>
    </line>
    <line>
      <![CDATA[url printed   https://www.flipkart.com/]]>
    </line>
    <line>
      <![CDATA[Driver closed successfully]]>
    </line>
    <line>
      <![CDATA[URL verified]]>
    </line>
    <line>
      <![CDATA[Page Title - Online Shopping Site for Mobiles, Electronics, Furniture, Grocery, Lifestyle, Books & More. Best Offers!]]>
    </line>
    <line>
      <![CDATA[url printed   https://www.flipkart.com/]]>
    </line>
    <line>
      <![CDATA[List of search results apple airpods
in True Wireless]]>
    </line>
    <line>
      <![CDATA[List of search results apple mobile
in Mobiles]]>
    </line>
    <line>
      <![CDATA[List of search results apple watch]]>
    </line>
    <line>
      <![CDATA[List of search results apple laptops]]>
    </line>
    <line>
      <![CDATA[List of search results apple tablets]]>
    </line>
    <line>
      <![CDATA[List of search results apple adapter 20w]]>
    </line>
    <line>
      <![CDATA[List of search results apple ipad]]>
    </line>
    <line>
      <![CDATA[apple watch clicked from the list]]>
    </line>
    <line>
      <![CDATA[Page title is - Apple Watch- Buy Products Online at Best Price in India - All Categories | Flipkart.com]]>
    </line>
    <line>
      <![CDATA[Driver closed successfully]]>
    </line>
    <line>
      <![CDATA[URL verified]]>
    </line>
    <line>
      <![CDATA[Page Title - Online Shopping Site for Mobiles, Electronics, Furniture, Grocery, Lifestyle, Books & More. Best Offers!]]>
    </line>
    <line>
      <![CDATA[url printed   https://www.flipkart.com/]]>
    </line>
    <line>
      <![CDATA[List of search results apple airpods
in True Wireless]]>
    </line>
    <line>
      <![CDATA[List of search results apple mobile
in Mobiles]]>
    </line>
    <line>
      <![CDATA[List of search results apple watch]]>
    </line>
    <line>
      <![CDATA[List of search results apple laptops]]>
    </line>
    <line>
      <![CDATA[List of search results apple tablets]]>
    </line>
    <line>
      <![CDATA[List of search results apple adapter 20w]]>
    </line>
    <line>
      <![CDATA[List of search results apple ipad]]>
    </line>
    <line>
      <![CDATA[apple watch clicked from the list]]>
    </line>
    <line>
      <![CDATA[Page title is - Apple Watch- Buy Products Online at Best Price in India - All Categories | Flipkart.com]]>
    </line>
    <line>
      <![CDATA[Item selected successfully]]>
    </line>
    <line>
      <![CDATA[The current URL is  https://www.flipkart.com/apple-watch-series-10-gps-46mm-jet-black-aluminium-sport-band/p/itm186d892337bc4?pid=SMWH4JBWYZ7GVEEH&lid=LSTSMWH4JBWYZ7GVEEH9SRP4X&marketplace=FLIPKART&q=apple+watch&store=ajy%2Fbuh&srno=s_1_3&otracker=AS_Query_OrganicAutoSuggest_3_5_na_na_na&otracker1=AS_Query_OrganicAutoSuggest_3_5_na_na_na&fm=organic&iid=bd75791d-2aa4-45c0-9ecd-ce4d99ca3c63.SMWH4JBWYZ7GVEEH.SEARCH&ppt=hp&ppn=homepage&ssid=lgjup4385c0000001742802391778&qH=ac1abc0e63e8442c]]>
    </line>
    <line>
      <![CDATA[Page title is -Apple Watch Series 10 GPS 46mm Jet Black Aluminium with Sport Band Price in India - Buy Apple Watch Series 10 GPS 46mm Jet Black Aluminium with Sport Band online at Flipkart.com]]>
    </line>
    <line>
      <![CDATA[Driver closed successfully]]>
    </line>
    <line>
      <![CDATA[URL verified]]>
    </line>
    <line>
      <![CDATA[Page Title - Online Shopping Site for Mobiles, Electronics, Furniture, Grocery, Lifestyle, Books & More. Best Offers!]]>
    </line>
    <line>
      <![CDATA[url printed   https://www.flipkart.com/]]>
    </line>
    <line>
      <![CDATA[List of search results apple airpods
in True Wireless]]>
    </line>
    <line>
      <![CDATA[List of search results apple mobile
in Mobiles]]>
    </line>
    <line>
      <![CDATA[List of search results apple watch]]>
    </line>
    <line>
      <![CDATA[List of search results apple laptops]]>
    </line>
    <line>
      <![CDATA[List of search results apple tablets]]>
    </line>
    <line>
      <![CDATA[List of search results apple adapter 20w]]>
    </line>
    <line>
      <![CDATA[List of search results apple ipad]]>
    </line>
    <line>
      <![CDATA[apple watch clicked from the list]]>
    </line>
    <line>
      <![CDATA[Page title is - Apple Watch- Buy Products Online at Best Price in India - All Categories | Flipkart.com]]>
    </line>
    <line>
      <![CDATA[Item selected successfully]]>
    </line>
    <line>
      <![CDATA[The current URL is  https://www.flipkart.com/apple-watch-series-10-gps-46mm-jet-black-aluminium-sport-band/p/itm186d892337bc4?pid=SMWH4JBWYZ7GVEEH&lid=LSTSMWH4JBWYZ7GVEEH9SRP4X&marketplace=FLIPKART&q=apple+watch&store=ajy%2Fbuh&srno=s_1_3&otracker=AS_Query_OrganicAutoSuggest_3_5_na_na_na&otracker1=AS_Query_OrganicAutoSuggest_3_5_na_na_na&fm=organic&iid=45ed4579-2cfe-4810-80bc-af32e6a24fab.SMWH4JBWYZ7GVEEH.SEARCH&ppt=hp&ppn=homepage&ssid=3u8eijffps0000001742802410911&qH=ac1abc0e63e8442c]]>
    </line>
    <line>
      <![CDATA[Page title is -Apple Watch Series 10 GPS 46mm Jet Black Aluminium with Sport Band Price in India - Buy Apple Watch Series 10 GPS 46mm Jet Black Aluminium with Sport Band online at Flipkart.com]]>
    </line>
    <line>
      <![CDATA[message captured Delivery in2 Days, Wednesday|Free₹40?]]>
    </line>
    <line>
      <![CDATA[Driver closed successfully]]>
    </line>
    <line>
      <![CDATA[URL verified]]>
    </line>
    <line>
      <![CDATA[Page Title - Online Shopping Site for Mobiles, Electronics, Furniture, Grocery, Lifestyle, Books & More. Best Offers!]]>
    </line>
    <line>
      <![CDATA[url printed   https://www.flipkart.com/]]>
    </line>
    <line>
      <![CDATA[List of search results apple airpods
in True Wireless]]>
    </line>
    <line>
      <![CDATA[List of search results apple mobile
in Mobiles]]>
    </line>
    <line>
      <![CDATA[List of search results apple watch]]>
    </line>
    <line>
      <![CDATA[List of search results apple laptops]]>
    </line>
    <line>
      <![CDATA[List of search results apple tablets]]>
    </line>
    <line>
      <![CDATA[List of search results apple adapter 20w]]>
    </line>
    <line>
      <![CDATA[List of search results apple ipad]]>
    </line>
    <line>
      <![CDATA[apple watch clicked from the list]]>
    </line>
    <line>
      <![CDATA[Page title is - Apple Watch- Buy Products Online at Best Price in India - All Categories | Flipkart.com]]>
    </line>
    <line>
      <![CDATA[Item selected successfully]]>
    </line>
    <line>
      <![CDATA[The current URL is  https://www.flipkart.com/apple-watch-series-10-gps-46mm-jet-black-aluminium-sport-band/p/itm186d892337bc4?pid=SMWH4JBWYZ7GVEEH&lid=LSTSMWH4JBWYZ7GVEEH9SRP4X&marketplace=FLIPKART&q=apple+watch&store=ajy%2Fbuh&srno=s_1_3&otracker=AS_Query_OrganicAutoSuggest_3_5_na_na_na&otracker1=AS_Query_OrganicAutoSuggest_3_5_na_na_na&fm=organic&iid=67e55204-b3c6-4cd5-8e85-02c63985127c.SMWH4JBWYZ7GVEEH.SEARCH&ppt=hp&ppn=homepage&ssid=nh7dvptcj40000001742802440240&qH=ac1abc0e63e8442c]]>
    </line>
    <line>
      <![CDATA[Page title is -Apple Watch Series 10 GPS 46mm Jet Black Aluminium with Sport Band Price in India - Buy Apple Watch Series 10 GPS 46mm Jet Black Aluminium with Sport Band online at Flipkart.com]]>
    </line>
    <line>
      <![CDATA[message captured Delivery in2 Days, Wednesday|Free₹40?]]>
    </line>
    <line>
      <![CDATA[Page title is - Shopping Cart | Flipkart.com]]>
    </line>
    <line>
      <![CDATA[PRICE DETAILS
Price (1 item)
₹49,900
Delivery Charges
₹40Free
Protect Promise Fee
₹49
Total Amount
₹49,949]]>
    </line>
    <line>
      <![CDATA[Driver closed successfully]]>
    </line>
    <line>
      <![CDATA[URL verified]]>
    </line>
    <line>
      <![CDATA[Page Title - Online Shopping Site for Mobiles, Electronics, Furniture, Grocery, Lifestyle, Books & More. Best Offers!]]>
    </line>
    <line>
      <![CDATA[url printed   https://www.flipkart.com/]]>
    </line>
    <line>
      <![CDATA[List of search results apple airpods
in True Wireless]]>
    </line>
    <line>
      <![CDATA[List of search results apple mobile
in Mobiles]]>
    </line>
    <line>
      <![CDATA[List of search results apple watch]]>
    </line>
    <line>
      <![CDATA[List of search results apple laptops]]>
    </line>
    <line>
      <![CDATA[List of search results apple tablets]]>
    </line>
    <line>
      <![CDATA[List of search results apple adapter 20w]]>
    </line>
    <line>
      <![CDATA[List of search results apple ipad]]>
    </line>
    <line>
      <![CDATA[apple watch clicked from the list]]>
    </line>
    <line>
      <![CDATA[Page title is - Apple Watch- Buy Products Online at Best Price in India - All Categories | Flipkart.com]]>
    </line>
    <line>
      <![CDATA[Item selected successfully]]>
    </line>
    <line>
      <![CDATA[The current URL is  https://www.flipkart.com/apple-watch-series-10-gps-46mm-jet-black-aluminium-sport-band/p/itm186d892337bc4?pid=SMWH4JBWYZ7GVEEH&lid=LSTSMWH4JBWYZ7GVEEH9SRP4X&marketplace=FLIPKART&q=apple+watch&store=ajy%2Fbuh&srno=s_1_3&otracker=AS_Query_OrganicAutoSuggest_3_5_na_na_na&otracker1=AS_Query_OrganicAutoSuggest_3_5_na_na_na&fm=organic&iid=482aa524-54ba-46e6-9d05-b2de63351ea6.SMWH4JBWYZ7GVEEH.SEARCH&ppt=hp&ppn=homepage&ssid=axy9efqx1c0000001742802472403&qH=ac1abc0e63e8442c]]>
    </line>
    <line>
      <![CDATA[Page title is -Apple Watch Series 10 GPS 46mm Jet Black Aluminium with Sport Band Price in India - Buy Apple Watch Series 10 GPS 46mm Jet Black Aluminium with Sport Band online at Flipkart.com]]>
    </line>
    <line>
      <![CDATA[message captured Delivery in2 Days, Wednesday|Free₹40?]]>
    </line>
    <line>
      <![CDATA[Page title is - Shopping Cart | Flipkart.com]]>
    </line>
    <line>
      <![CDATA[PRICE DETAILS
Price (1 item)
₹49,900
Delivery Charges
₹40Free
Protect Promise Fee
₹49
Total Amount
₹49,949]]>
    </line>
    <line>
      <![CDATA[Page title - Flipkart.com: Secure Payment: Login > Select Shipping Address > Review Order > Place Order]]>
    </line>
    <line>
      <![CDATA[Driver closed successfully]]>
    </line>
  </reporter-output>
  <suite started-at="2025-03-24T13:16:03 IST" name="Default suite" finished-at="2025-03-24T13:18:16 IST" duration-ms="132898">
    <groups>
    </groups>
    <test started-at="2025-03-24T13:16:03 IST" name="Default test" finished-at="2025-03-24T13:18:16 IST" duration-ms="132898">
      <class name="Jenkins.Sample_Project.Flipkart">
        <test-method is-config="true" signature="URL()[pri:0, instance:Jenkins.Sample_Project.Flipkart@4ec4f3a0]" started-at="2025-03-24T13:16:03 IST" name="URL" finished-at="2025-03-24T13:16:07 IST" duration-ms="4649" status="PASS">
          <reporter-output>
            <line>
              <![CDATA[URL verified]]>
            </line>
          </reporter-output>
        </test-method> <!-- URL -->
        <test-method signature="verifyloginpage()[pri:1, instance:Jenkins.Sample_Project.Flipkart@4ec4f3a0]" started-at="2025-03-24T13:16:07 IST" name="verifyloginpage" finished-at="2025-03-24T13:16:07 IST" duration-ms="69" status="PASS">
          <reporter-output>
            <line>
              <![CDATA[Page Title - Online Shopping Site for Mobiles, Electronics, Furniture, Grocery, Lifestyle, Books & More. Best Offers!]]>
            </line>
            <line>
              <![CDATA[url printed   https://www.flipkart.com/]]>
            </line>
          </reporter-output>
        </test-method> <!-- verifyloginpage -->
        <test-method is-config="true" signature="closebrowser()[pri:0, instance:Jenkins.Sample_Project.Flipkart@4ec4f3a0]" started-at="2025-03-24T13:16:07 IST" name="closebrowser" finished-at="2025-03-24T13:16:08 IST" duration-ms="330" status="PASS">
          <reporter-output>
            <line>
              <![CDATA[Driver closed successfully]]>
            </line>
          </reporter-output>
        </test-method> <!-- closebrowser -->
        <test-method is-config="true" signature="URL()[pri:0, instance:Jenkins.Sample_Project.Flipkart@4ec4f3a0]" started-at="2025-03-24T13:16:08 IST" name="URL" finished-at="2025-03-24T13:16:11 IST" duration-ms="3528" status="PASS">
          <reporter-output>
            <line>
              <![CDATA[URL verified]]>
            </line>
          </reporter-output>
        </test-method> <!-- URL -->
        <test-method signature="searchtheitem()[pri:2, instance:Jenkins.Sample_Project.Flipkart@4ec4f3a0]" started-at="2025-03-24T13:16:11 IST" name="searchtheitem" finished-at="2025-03-24T13:16:20 IST" duration-ms="8315" status="PASS">
          <reporter-output>
            <line>
              <![CDATA[Page Title - Online Shopping Site for Mobiles, Electronics, Furniture, Grocery, Lifestyle, Books & More. Best Offers!]]>
            </line>
            <line>
              <![CDATA[url printed   https://www.flipkart.com/]]>
            </line>
            <line>
              <![CDATA[List of search results apple airpods
in True Wireless]]>
            </line>
            <line>
              <![CDATA[List of search results apple mobile
in Mobiles]]>
            </line>
            <line>
              <![CDATA[List of search results apple watch]]>
            </line>
            <line>
              <![CDATA[List of search results apple laptops]]>
            </line>
            <line>
              <![CDATA[List of search results apple tablets]]>
            </line>
            <line>
              <![CDATA[List of search results apple adapter 20w]]>
            </line>
            <line>
              <![CDATA[List of search results apple ipad]]>
            </line>
            <line>
              <![CDATA[apple watch clicked from the list]]>
            </line>
            <line>
              <![CDATA[Page title is - Apple Watch- Buy Products Online at Best Price in India - All Categories | Flipkart.com]]>
            </line>
          </reporter-output>
        </test-method> <!-- searchtheitem -->
        <test-method is-config="true" signature="closebrowser()[pri:0, instance:Jenkins.Sample_Project.Flipkart@4ec4f3a0]" started-at="2025-03-24T13:16:20 IST" name="closebrowser" finished-at="2025-03-24T13:16:21 IST" duration-ms="939" status="PASS">
          <reporter-output>
            <line>
              <![CDATA[Driver closed successfully]]>
            </line>
          </reporter-output>
        </test-method> <!-- closebrowser -->
        <test-method is-config="true" signature="URL()[pri:0, instance:Jenkins.Sample_Project.Flipkart@4ec4f3a0]" started-at="2025-03-24T13:16:21 IST" name="URL" finished-at="2025-03-24T13:16:24 IST" duration-ms="3609" status="PASS">
          <reporter-output>
            <line>
              <![CDATA[URL verified]]>
            </line>
          </reporter-output>
        </test-method> <!-- URL -->
        <test-method signature="Select_the_item_from_the_list()[pri:3, instance:Jenkins.Sample_Project.Flipkart@4ec4f3a0]" started-at="2025-03-24T13:16:24 IST" name="Select_the_item_from_the_list" finished-at="2025-03-24T13:16:40 IST" duration-ms="16093" status="PASS">
          <reporter-output>
            <line>
              <![CDATA[Page Title - Online Shopping Site for Mobiles, Electronics, Furniture, Grocery, Lifestyle, Books & More. Best Offers!]]>
            </line>
            <line>
              <![CDATA[url printed   https://www.flipkart.com/]]>
            </line>
            <line>
              <![CDATA[List of search results apple airpods
in True Wireless]]>
            </line>
            <line>
              <![CDATA[List of search results apple mobile
in Mobiles]]>
            </line>
            <line>
              <![CDATA[List of search results apple watch]]>
            </line>
            <line>
              <![CDATA[List of search results apple laptops]]>
            </line>
            <line>
              <![CDATA[List of search results apple tablets]]>
            </line>
            <line>
              <![CDATA[List of search results apple adapter 20w]]>
            </line>
            <line>
              <![CDATA[List of search results apple ipad]]>
            </line>
            <line>
              <![CDATA[apple watch clicked from the list]]>
            </line>
            <line>
              <![CDATA[Page title is - Apple Watch- Buy Products Online at Best Price in India - All Categories | Flipkart.com]]>
            </line>
            <line>
              <![CDATA[Item selected successfully]]>
            </line>
            <line>
              <![CDATA[The current URL is  https://www.flipkart.com/apple-watch-series-10-gps-46mm-jet-black-aluminium-sport-band/p/itm186d892337bc4?pid=SMWH4JBWYZ7GVEEH&lid=LSTSMWH4JBWYZ7GVEEH9SRP4X&marketplace=FLIPKART&q=apple+watch&store=ajy%2Fbuh&srno=s_1_3&otracker=AS_Query_OrganicAutoSuggest_3_5_na_na_na&otracker1=AS_Query_OrganicAutoSuggest_3_5_na_na_na&fm=organic&iid=bd75791d-2aa4-45c0-9ecd-ce4d99ca3c63.SMWH4JBWYZ7GVEEH.SEARCH&ppt=hp&ppn=homepage&ssid=lgjup4385c0000001742802391778&qH=ac1abc0e63e8442c]]>
            </line>
            <line>
              <![CDATA[Page title is -Apple Watch Series 10 GPS 46mm Jet Black Aluminium with Sport Band Price in India - Buy Apple Watch Series 10 GPS 46mm Jet Black Aluminium with Sport Band online at Flipkart.com]]>
            </line>
          </reporter-output>
        </test-method> <!-- Select_the_item_from_the_list -->
        <test-method is-config="true" signature="closebrowser()[pri:0, instance:Jenkins.Sample_Project.Flipkart@4ec4f3a0]" started-at="2025-03-24T13:16:40 IST" name="closebrowser" finished-at="2025-03-24T13:16:41 IST" duration-ms="326" status="PASS">
          <reporter-output>
            <line>
              <![CDATA[Driver closed successfully]]>
            </line>
          </reporter-output>
        </test-method> <!-- closebrowser -->
        <test-method is-config="true" signature="URL()[pri:0, instance:Jenkins.Sample_Project.Flipkart@4ec4f3a0]" started-at="2025-03-24T13:16:41 IST" name="URL" finished-at="2025-03-24T13:16:44 IST" duration-ms="3094" status="PASS">
          <reporter-output>
            <line>
              <![CDATA[URL verified]]>
            </line>
          </reporter-output>
        </test-method> <!-- URL -->
        <test-method signature="Additemtothecart()[pri:4, instance:Jenkins.Sample_Project.Flipkart@4ec4f3a0]" started-at="2025-03-24T13:16:44 IST" name="Additemtothecart" finished-at="2025-03-24T13:17:09 IST" duration-ms="24959" status="PASS">
          <reporter-output>
            <line>
              <![CDATA[Page Title - Online Shopping Site for Mobiles, Electronics, Furniture, Grocery, Lifestyle, Books & More. Best Offers!]]>
            </line>
            <line>
              <![CDATA[url printed   https://www.flipkart.com/]]>
            </line>
            <line>
              <![CDATA[List of search results apple airpods
in True Wireless]]>
            </line>
            <line>
              <![CDATA[List of search results apple mobile
in Mobiles]]>
            </line>
            <line>
              <![CDATA[List of search results apple watch]]>
            </line>
            <line>
              <![CDATA[List of search results apple laptops]]>
            </line>
            <line>
              <![CDATA[List of search results apple tablets]]>
            </line>
            <line>
              <![CDATA[List of search results apple adapter 20w]]>
            </line>
            <line>
              <![CDATA[List of search results apple ipad]]>
            </line>
            <line>
              <![CDATA[apple watch clicked from the list]]>
            </line>
            <line>
              <![CDATA[Page title is - Apple Watch- Buy Products Online at Best Price in India - All Categories | Flipkart.com]]>
            </line>
            <line>
              <![CDATA[Item selected successfully]]>
            </line>
            <line>
              <![CDATA[The current URL is  https://www.flipkart.com/apple-watch-series-10-gps-46mm-jet-black-aluminium-sport-band/p/itm186d892337bc4?pid=SMWH4JBWYZ7GVEEH&lid=LSTSMWH4JBWYZ7GVEEH9SRP4X&marketplace=FLIPKART&q=apple+watch&store=ajy%2Fbuh&srno=s_1_3&otracker=AS_Query_OrganicAutoSuggest_3_5_na_na_na&otracker1=AS_Query_OrganicAutoSuggest_3_5_na_na_na&fm=organic&iid=45ed4579-2cfe-4810-80bc-af32e6a24fab.SMWH4JBWYZ7GVEEH.SEARCH&ppt=hp&ppn=homepage&ssid=3u8eijffps0000001742802410911&qH=ac1abc0e63e8442c]]>
            </line>
            <line>
              <![CDATA[Page title is -Apple Watch Series 10 GPS 46mm Jet Black Aluminium with Sport Band Price in India - Buy Apple Watch Series 10 GPS 46mm Jet Black Aluminium with Sport Band online at Flipkart.com]]>
            </line>
            <line>
              <![CDATA[message captured Delivery in2 Days, Wednesday|Free₹40?]]>
            </line>
          </reporter-output>
        </test-method> <!-- Additemtothecart -->
        <test-method is-config="true" signature="closebrowser()[pri:0, instance:Jenkins.Sample_Project.Flipkart@4ec4f3a0]" started-at="2025-03-24T13:17:09 IST" name="closebrowser" finished-at="2025-03-24T13:17:09 IST" duration-ms="484" status="PASS">
          <reporter-output>
            <line>
              <![CDATA[Driver closed successfully]]>
            </line>
          </reporter-output>
        </test-method> <!-- closebrowser -->
        <test-method is-config="true" signature="URL()[pri:0, instance:Jenkins.Sample_Project.Flipkart@4ec4f3a0]" started-at="2025-03-24T13:17:09 IST" name="URL" finished-at="2025-03-24T13:17:13 IST" duration-ms="3572" status="PASS">
          <reporter-output>
            <line>
              <![CDATA[URL verified]]>
            </line>
          </reporter-output>
        </test-method> <!-- URL -->
        <test-method signature="Gotocartandverifytheaddeditem()[pri:5, instance:Jenkins.Sample_Project.Flipkart@4ec4f3a0]" started-at="2025-03-24T13:17:13 IST" name="Gotocartandverifytheaddeditem" finished-at="2025-03-24T13:17:41 IST" duration-ms="28569" status="PASS">
          <reporter-output>
            <line>
              <![CDATA[Page Title - Online Shopping Site for Mobiles, Electronics, Furniture, Grocery, Lifestyle, Books & More. Best Offers!]]>
            </line>
            <line>
              <![CDATA[url printed   https://www.flipkart.com/]]>
            </line>
            <line>
              <![CDATA[List of search results apple airpods
in True Wireless]]>
            </line>
            <line>
              <![CDATA[List of search results apple mobile
in Mobiles]]>
            </line>
            <line>
              <![CDATA[List of search results apple watch]]>
            </line>
            <line>
              <![CDATA[List of search results apple laptops]]>
            </line>
            <line>
              <![CDATA[List of search results apple tablets]]>
            </line>
            <line>
              <![CDATA[List of search results apple adapter 20w]]>
            </line>
            <line>
              <![CDATA[List of search results apple ipad]]>
            </line>
            <line>
              <![CDATA[apple watch clicked from the list]]>
            </line>
            <line>
              <![CDATA[Page title is - Apple Watch- Buy Products Online at Best Price in India - All Categories | Flipkart.com]]>
            </line>
            <line>
              <![CDATA[Item selected successfully]]>
            </line>
            <line>
              <![CDATA[The current URL is  https://www.flipkart.com/apple-watch-series-10-gps-46mm-jet-black-aluminium-sport-band/p/itm186d892337bc4?pid=SMWH4JBWYZ7GVEEH&lid=LSTSMWH4JBWYZ7GVEEH9SRP4X&marketplace=FLIPKART&q=apple+watch&store=ajy%2Fbuh&srno=s_1_3&otracker=AS_Query_OrganicAutoSuggest_3_5_na_na_na&otracker1=AS_Query_OrganicAutoSuggest_3_5_na_na_na&fm=organic&iid=67e55204-b3c6-4cd5-8e85-02c63985127c.SMWH4JBWYZ7GVEEH.SEARCH&ppt=hp&ppn=homepage&ssid=nh7dvptcj40000001742802440240&qH=ac1abc0e63e8442c]]>
            </line>
            <line>
              <![CDATA[Page title is -Apple Watch Series 10 GPS 46mm Jet Black Aluminium with Sport Band Price in India - Buy Apple Watch Series 10 GPS 46mm Jet Black Aluminium with Sport Band online at Flipkart.com]]>
            </line>
            <line>
              <![CDATA[message captured Delivery in2 Days, Wednesday|Free₹40?]]>
            </line>
            <line>
              <![CDATA[Page title is - Shopping Cart | Flipkart.com]]>
            </line>
            <line>
              <![CDATA[PRICE DETAILS
Price (1 item)
₹49,900
Delivery Charges
₹40Free
Protect Promise Fee
₹49
Total Amount
₹49,949]]>
            </line>
          </reporter-output>
        </test-method> <!-- Gotocartandverifytheaddeditem -->
        <test-method is-config="true" signature="closebrowser()[pri:0, instance:Jenkins.Sample_Project.Flipkart@4ec4f3a0]" started-at="2025-03-24T13:17:41 IST" name="closebrowser" finished-at="2025-03-24T13:17:42 IST" duration-ms="457" status="PASS">
          <reporter-output>
            <line>
              <![CDATA[Driver closed successfully]]>
            </line>
          </reporter-output>
        </test-method> <!-- closebrowser -->
        <test-method is-config="true" signature="URL()[pri:0, instance:Jenkins.Sample_Project.Flipkart@4ec4f3a0]" started-at="2025-03-24T13:17:42 IST" name="URL" finished-at="2025-03-24T13:17:45 IST" duration-ms="3383" status="PASS">
          <reporter-output>
            <line>
              <![CDATA[URL verified]]>
            </line>
          </reporter-output>
        </test-method> <!-- URL -->
        <test-method signature="Placeorder()[pri:6, instance:Jenkins.Sample_Project.Flipkart@4ec4f3a0]" started-at="2025-03-24T13:17:45 IST" name="Placeorder" finished-at="2025-03-24T13:18:15 IST" duration-ms="29994" status="PASS">
          <reporter-output>
            <line>
              <![CDATA[Page Title - Online Shopping Site for Mobiles, Electronics, Furniture, Grocery, Lifestyle, Books & More. Best Offers!]]>
            </line>
            <line>
              <![CDATA[url printed   https://www.flipkart.com/]]>
            </line>
            <line>
              <![CDATA[List of search results apple airpods
in True Wireless]]>
            </line>
            <line>
              <![CDATA[List of search results apple mobile
in Mobiles]]>
            </line>
            <line>
              <![CDATA[List of search results apple watch]]>
            </line>
            <line>
              <![CDATA[List of search results apple laptops]]>
            </line>
            <line>
              <![CDATA[List of search results apple tablets]]>
            </line>
            <line>
              <![CDATA[List of search results apple adapter 20w]]>
            </line>
            <line>
              <![CDATA[List of search results apple ipad]]>
            </line>
            <line>
              <![CDATA[apple watch clicked from the list]]>
            </line>
            <line>
              <![CDATA[Page title is - Apple Watch- Buy Products Online at Best Price in India - All Categories | Flipkart.com]]>
            </line>
            <line>
              <![CDATA[Item selected successfully]]>
            </line>
            <line>
              <![CDATA[The current URL is  https://www.flipkart.com/apple-watch-series-10-gps-46mm-jet-black-aluminium-sport-band/p/itm186d892337bc4?pid=SMWH4JBWYZ7GVEEH&lid=LSTSMWH4JBWYZ7GVEEH9SRP4X&marketplace=FLIPKART&q=apple+watch&store=ajy%2Fbuh&srno=s_1_3&otracker=AS_Query_OrganicAutoSuggest_3_5_na_na_na&otracker1=AS_Query_OrganicAutoSuggest_3_5_na_na_na&fm=organic&iid=482aa524-54ba-46e6-9d05-b2de63351ea6.SMWH4JBWYZ7GVEEH.SEARCH&ppt=hp&ppn=homepage&ssid=axy9efqx1c0000001742802472403&qH=ac1abc0e63e8442c]]>
            </line>
            <line>
              <![CDATA[Page title is -Apple Watch Series 10 GPS 46mm Jet Black Aluminium with Sport Band Price in India - Buy Apple Watch Series 10 GPS 46mm Jet Black Aluminium with Sport Band online at Flipkart.com]]>
            </line>
            <line>
              <![CDATA[message captured Delivery in2 Days, Wednesday|Free₹40?]]>
            </line>
            <line>
              <![CDATA[Page title is - Shopping Cart | Flipkart.com]]>
            </line>
            <line>
              <![CDATA[PRICE DETAILS
Price (1 item)
₹49,900
Delivery Charges
₹40Free
Protect Promise Fee
₹49
Total Amount
₹49,949]]>
            </line>
            <line>
              <![CDATA[Page title - Flipkart.com: Secure Payment: Login > Select Shipping Address > Review Order > Place Order]]>
            </line>
          </reporter-output>
        </test-method> <!-- Placeorder -->
        <test-method is-config="true" signature="closebrowser()[pri:0, instance:Jenkins.Sample_Project.Flipkart@4ec4f3a0]" started-at="2025-03-24T13:18:15 IST" name="closebrowser" finished-at="2025-03-24T13:18:16 IST" duration-ms="476" status="PASS">
          <reporter-output>
            <line>
              <![CDATA[Driver closed successfully]]>
            </line>
          </reporter-output>
        </test-method> <!-- closebrowser -->
      </class> <!-- Jenkins.Sample_Project.Flipkart -->
    </test> <!-- Default test -->
  </suite> <!-- Default suite -->
</testng-results>
