<?xml version="1.0" encoding="UTF-8"?>
<testng-results ignored="0" total="6" passed="6" failed="0" skipped="0">
  <reporter-output>
    <line>
      <![CDATA[URL verified]]>
    </line>
    <line>
      <![CDATA[Page Title - Online Shopping Site for Mobiles, Electronics, Furniture, Grocery, Lifestyle, Books & More. Best Offers!]]>
    </line>
    <line>
      <![CDATA[url printed   https://www.flipkart.com/]]>
    </line>
    <line>
      <![CDATA[Driver closed successfully]]>
    </line>
    <line>
      <![CDATA[URL verified]]>
    </line>
    <line>
      <![CDATA[Page Title - Online Shopping Site for Mobiles, Electronics, Furniture, Grocery, Lifestyle, Books & More. Best Offers!]]>
    </line>
    <line>
      <![CDATA[url printed   https://www.flipkart.com/]]>
    </line>
    <line>
      <![CDATA[List of search results apple airpods
in True Wireless]]>
    </line>
    <line>
      <![CDATA[List of search results apple mobile
in Mobiles]]>
    </line>
    <line>
      <![CDATA[List of search results apple watch]]>
    </line>
    <line>
      <![CDATA[List of search results apple earphones wired]]>
    </line>
    <line>
      <![CDATA[List of search results apple 16e]]>
    </line>
    <line>
      <![CDATA[List of search results apple cider vinegar]]>
    </line>
    <line>
      <![CDATA[List of search results apple tablets]]>
    </line>
    <line>
      <![CDATA[apple watch clicked from the list]]>
    </line>
    <line>
      <![CDATA[Page title is - Apple Watch- Buy Products Online at Best Price in India - All Categories | Flipkart.com]]>
    </line>
    <line>
      <![CDATA[Driver closed successfully]]>
    </line>
    <line>
      <![CDATA[URL verified]]>
    </line>
    <line>
      <![CDATA[Page Title - Online Shopping Site for Mobiles, Electronics, Furniture, Grocery, Lifestyle, Books & More. Best Offers!]]>
    </line>
    <line>
      <![CDATA[url printed   https://www.flipkart.com/]]>
    </line>
    <line>
      <![CDATA[List of search results apple airpods
in True Wireless]]>
    </line>
    <line>
      <![CDATA[List of search results apple mobile
in Mobiles]]>
    </line>
    <line>
      <![CDATA[List of search results apple watch]]>
    </line>
    <line>
      <![CDATA[List of search results apple earphones wired]]>
    </line>
    <line>
      <![CDATA[List of search results apple 16e]]>
    </line>
    <line>
      <![CDATA[List of search results apple cider vinegar]]>
    </line>
    <line>
      <![CDATA[List of search results apple tablets]]>
    </line>
    <line>
      <![CDATA[apple watch clicked from the list]]>
    </line>
    <line>
      <![CDATA[Page title is - Apple Watch- Buy Products Online at Best Price in India - All Categories | Flipkart.com]]>
    </line>
    <line>
      <![CDATA[Item selected successfully]]>
    </line>
    <line>
      <![CDATA[The current URL is  https://www.flipkart.com/apple-watch-series-10-gps-46mm-jet-black-aluminium-sport-band/p/itm186d892337bc4?pid=SMWH4JBWQZTFDFJ4&lid=LSTSMWH4JBWQZTFDFJ4O1IKAL&marketplace=FLIPKART&q=apple+watch&store=ajy%2Fbuh&srno=s_1_1&otracker=AS_Query_OrganicAutoSuggest_3_5_na_na_na&otracker1=AS_Query_OrganicAutoSuggest_3_5_na_na_na&fm=search-autosuggest&iid=d289d152-5d8a-4c2f-9584-c0fe6ddb16fc.SMWH4JBWQZTFDFJ4.SEARCH&ppt=sp&ppn=sp&ssid=bq4qzm8pog0000001741252088358&qH=ac1abc0e63e8442c]]>
    </line>
    <line>
      <![CDATA[Page title is -Apple Watch Series 10 GPS 46mm Jet Black Aluminium with Black Sport Band Price in India - Buy Apple Watch Series 10 GPS 46mm Jet Black Aluminium with Black Sport Band online at Flipkart.com]]>
    </line>
    <line>
      <![CDATA[Driver closed successfully]]>
    </line>
    <line>
      <![CDATA[URL verified]]>
    </line>
    <line>
      <![CDATA[Page Title - Online Shopping Site for Mobiles, Electronics, Furniture, Grocery, Lifestyle, Books & More. Best Offers!]]>
    </line>
    <line>
      <![CDATA[url printed   https://www.flipkart.com/]]>
    </line>
    <line>
      <![CDATA[List of search results apple airpods
in True Wireless]]>
    </line>
    <line>
      <![CDATA[List of search results apple mobile
in Mobiles]]>
    </line>
    <line>
      <![CDATA[List of search results apple watch]]>
    </line>
    <line>
      <![CDATA[List of search results apple earphones wired]]>
    </line>
    <line>
      <![CDATA[List of search results apple 16e]]>
    </line>
    <line>
      <![CDATA[List of search results apple cider vinegar]]>
    </line>
    <line>
      <![CDATA[List of search results apple tablets]]>
    </line>
    <line>
      <![CDATA[apple watch clicked from the list]]>
    </line>
    <line>
      <![CDATA[Page title is - Apple Watch- Buy Products Online at Best Price in India - All Categories | Flipkart.com]]>
    </line>
    <line>
      <![CDATA[Item selected successfully]]>
    </line>
    <line>
      <![CDATA[The current URL is  https://www.flipkart.com/apple-watch-series-10-gps-46mm-jet-black-aluminium-sport-band/p/itm186d892337bc4?pid=SMWH4JBWQZTFDFJ4&lid=LSTSMWH4JBWQZTFDFJ4O1IKAL&marketplace=FLIPKART&q=apple+watch&store=ajy%2Fbuh&srno=s_1_1&otracker=AS_Query_OrganicAutoSuggest_3_5_na_na_na&otracker1=AS_Query_OrganicAutoSuggest_3_5_na_na_na&fm=search-autosuggest&iid=e72f28a0-f773-41f9-9429-5f47cb4b5b89.SMWH4JBWQZTFDFJ4.SEARCH&ppt=sp&ppn=sp&ssid=zidzh5r9e80000001741252107894&qH=ac1abc0e63e8442c]]>
    </line>
    <line>
      <![CDATA[Page title is -Apple Watch Series 10 GPS 46mm Jet Black Aluminium with Black Sport Band Price in India - Buy Apple Watch Series 10 GPS 46mm Jet Black Aluminium with Black Sport Band online at Flipkart.com]]>
    </line>
    <line>
      <![CDATA[message captured Faster delivery by11 PM Tomorrow|Free₹70?]]>
    </line>
    <line>
      <![CDATA[Driver closed successfully]]>
    </line>
    <line>
      <![CDATA[URL verified]]>
    </line>
    <line>
      <![CDATA[Page Title - Online Shopping Site for Mobiles, Electronics, Furniture, Grocery, Lifestyle, Books & More. Best Offers!]]>
    </line>
    <line>
      <![CDATA[url printed   https://www.flipkart.com/]]>
    </line>
    <line>
      <![CDATA[List of search results apple airpods
in True Wireless]]>
    </line>
    <line>
      <![CDATA[List of search results apple mobile
in Mobiles]]>
    </line>
    <line>
      <![CDATA[List of search results apple watch]]>
    </line>
    <line>
      <![CDATA[List of search results apple earphones wired]]>
    </line>
    <line>
      <![CDATA[List of search results apple 16e]]>
    </line>
    <line>
      <![CDATA[List of search results apple cider vinegar]]>
    </line>
    <line>
      <![CDATA[List of search results apple tablets]]>
    </line>
    <line>
      <![CDATA[apple watch clicked from the list]]>
    </line>
    <line>
      <![CDATA[Page title is - Apple Watch- Buy Products Online at Best Price in India - All Categories | Flipkart.com]]>
    </line>
    <line>
      <![CDATA[Item selected successfully]]>
    </line>
    <line>
      <![CDATA[The current URL is  https://www.flipkart.com/apple-watch-series-10-gps-46mm-jet-black-aluminium-sport-band/p/itm186d892337bc4?pid=SMWH4JBWQZTFDFJ4&lid=LSTSMWH4JBWQZTFDFJ4O1IKAL&marketplace=FLIPKART&q=apple+watch&store=ajy%2Fbuh&srno=s_1_1&otracker=AS_Query_OrganicAutoSuggest_3_5_na_na_na&otracker1=AS_Query_OrganicAutoSuggest_3_5_na_na_na&fm=search-autosuggest&iid=dbbffe4e-344b-4b2a-bb60-22745b8b94bf.SMWH4JBWQZTFDFJ4.SEARCH&ppt=sp&ppn=sp&ssid=2tbkedymr40000001741252135788&qH=ac1abc0e63e8442c]]>
    </line>
    <line>
      <![CDATA[Page title is -Apple Watch Series 10 GPS 46mm Jet Black Aluminium with Black Sport Band Price in India - Buy Apple Watch Series 10 GPS 46mm Jet Black Aluminium with Black Sport Band online at Flipkart.com]]>
    </line>
    <line>
      <![CDATA[message captured Faster delivery by11 PM Tomorrow|Free₹70?]]>
    </line>
    <line>
      <![CDATA[Page title is - Shopping Cart | Flipkart.com]]>
    </line>
    <line>
      <![CDATA[PRICE DETAILS
Price (1 item)
₹49,900
Discount
− ₹8,901
Delivery Charges
₹70Free
Protect Promise Fee
₹49
Total Amount
₹41,048
You will save ₹8,852 on this order]]>
    </line>
    <line>
      <![CDATA[Driver closed successfully]]>
    </line>
    <line>
      <![CDATA[URL verified]]>
    </line>
    <line>
      <![CDATA[Page Title - Online Shopping Site for Mobiles, Electronics, Furniture, Grocery, Lifestyle, Books & More. Best Offers!]]>
    </line>
    <line>
      <![CDATA[url printed   https://www.flipkart.com/]]>
    </line>
    <line>
      <![CDATA[List of search results apple airpods
in True Wireless]]>
    </line>
    <line>
      <![CDATA[List of search results apple mobile
in Mobiles]]>
    </line>
    <line>
      <![CDATA[List of search results apple watch]]>
    </line>
    <line>
      <![CDATA[List of search results apple earphones wired]]>
    </line>
    <line>
      <![CDATA[List of search results apple 16e]]>
    </line>
    <line>
      <![CDATA[List of search results apple cider vinegar]]>
    </line>
    <line>
      <![CDATA[List of search results apple tablets]]>
    </line>
    <line>
      <![CDATA[apple watch clicked from the list]]>
    </line>
    <line>
      <![CDATA[Page title is - Apple Watch- Buy Products Online at Best Price in India - All Categories | Flipkart.com]]>
    </line>
    <line>
      <![CDATA[Item selected successfully]]>
    </line>
    <line>
      <![CDATA[The current URL is  https://www.flipkart.com/apple-watch-series-10-gps-46mm-jet-black-aluminium-sport-band/p/itm186d892337bc4?pid=SMWH4JBWQZTFDFJ4&lid=LSTSMWH4JBWQZTFDFJ4O1IKAL&marketplace=FLIPKART&q=apple+watch&store=ajy%2Fbuh&srno=s_1_1&otracker=AS_Query_OrganicAutoSuggest_3_5_na_na_na&otracker1=AS_Query_OrganicAutoSuggest_3_5_na_na_na&fm=search-autosuggest&iid=dc865069-055f-4dc4-b809-a2dd5d6c20a9.SMWH4JBWQZTFDFJ4.SEARCH&ppt=sp&ppn=sp&ssid=9czxu14pvk0000001741252167140&qH=ac1abc0e63e8442c]]>
    </line>
    <line>
      <![CDATA[Page title is -Apple Watch Series 10 GPS 46mm Jet Black Aluminium with Black Sport Band Price in India - Buy Apple Watch Series 10 GPS 46mm Jet Black Aluminium with Black Sport Band online at Flipkart.com]]>
    </line>
    <line>
      <![CDATA[message captured Faster delivery by11 PM Tomorrow|Free₹70?]]>
    </line>
    <line>
      <![CDATA[Page title is - Shopping Cart | Flipkart.com]]>
    </line>
    <line>
      <![CDATA[PRICE DETAILS
Price (1 item)
₹49,900
Discount
− ₹8,901
Delivery Charges
₹70Free
Protect Promise Fee
₹49
Total Amount
₹41,048
You will save ₹8,852 on this order]]>
    </line>
    <line>
      <![CDATA[Page title - Flipkart.com: Secure Payment: Login > Select Shipping Address > Review Order > Place Order]]>
    </line>
    <line>
      <![CDATA[Driver closed successfully]]>
    </line>
  </reporter-output>
  <suite started-at="2025-03-06T14:37:43 IST" name="Default suite" finished-at="2025-03-06T14:39:50 IST" duration-ms="126861">
    <groups>
    </groups>
    <test started-at="2025-03-06T14:37:43 IST" name="Default test" finished-at="2025-03-06T14:39:50 IST" duration-ms="126861">
      <class name="Jenkins.Sample_Project.Flipkart">
        <test-method is-config="true" signature="URL()[pri:0, instance:Jenkins.Sample_Project.Flipkart@4ec4f3a0]" started-at="2025-03-06T14:37:43 IST" name="URL" finished-at="2025-03-06T14:37:47 IST" duration-ms="4048" status="PASS">
          <reporter-output>
            <line>
              <![CDATA[URL verified]]>
            </line>
          </reporter-output>
        </test-method> <!-- URL -->
        <test-method signature="verifyloginpage()[pri:1, instance:Jenkins.Sample_Project.Flipkart@4ec4f3a0]" started-at="2025-03-06T14:37:47 IST" name="verifyloginpage" finished-at="2025-03-06T14:37:47 IST" duration-ms="56" status="PASS">
          <reporter-output>
            <line>
              <![CDATA[Page Title - Online Shopping Site for Mobiles, Electronics, Furniture, Grocery, Lifestyle, Books & More. Best Offers!]]>
            </line>
            <line>
              <![CDATA[url printed   https://www.flipkart.com/]]>
            </line>
          </reporter-output>
        </test-method> <!-- verifyloginpage -->
        <test-method is-config="true" signature="closebrowser()[pri:0, instance:Jenkins.Sample_Project.Flipkart@4ec4f3a0]" started-at="2025-03-06T14:37:47 IST" name="closebrowser" finished-at="2025-03-06T14:37:47 IST" duration-ms="362" status="PASS">
          <reporter-output>
            <line>
              <![CDATA[Driver closed successfully]]>
            </line>
          </reporter-output>
        </test-method> <!-- closebrowser -->
        <test-method is-config="true" signature="URL()[pri:0, instance:Jenkins.Sample_Project.Flipkart@4ec4f3a0]" started-at="2025-03-06T14:37:47 IST" name="URL" finished-at="2025-03-06T14:37:51 IST" duration-ms="3376" status="PASS">
          <reporter-output>
            <line>
              <![CDATA[URL verified]]>
            </line>
          </reporter-output>
        </test-method> <!-- URL -->
        <test-method signature="searchtheitem()[pri:2, instance:Jenkins.Sample_Project.Flipkart@4ec4f3a0]" started-at="2025-03-06T14:37:51 IST" name="searchtheitem" finished-at="2025-03-06T14:37:58 IST" duration-ms="7398" status="PASS">
          <reporter-output>
            <line>
              <![CDATA[Page Title - Online Shopping Site for Mobiles, Electronics, Furniture, Grocery, Lifestyle, Books & More. Best Offers!]]>
            </line>
            <line>
              <![CDATA[url printed   https://www.flipkart.com/]]>
            </line>
            <line>
              <![CDATA[List of search results apple airpods
in True Wireless]]>
            </line>
            <line>
              <![CDATA[List of search results apple mobile
in Mobiles]]>
            </line>
            <line>
              <![CDATA[List of search results apple watch]]>
            </line>
            <line>
              <![CDATA[List of search results apple earphones wired]]>
            </line>
            <line>
              <![CDATA[List of search results apple 16e]]>
            </line>
            <line>
              <![CDATA[List of search results apple cider vinegar]]>
            </line>
            <line>
              <![CDATA[List of search results apple tablets]]>
            </line>
            <line>
              <![CDATA[apple watch clicked from the list]]>
            </line>
            <line>
              <![CDATA[Page title is - Apple Watch- Buy Products Online at Best Price in India - All Categories | Flipkart.com]]>
            </line>
          </reporter-output>
        </test-method> <!-- searchtheitem -->
        <test-method is-config="true" signature="closebrowser()[pri:0, instance:Jenkins.Sample_Project.Flipkart@4ec4f3a0]" started-at="2025-03-06T14:37:58 IST" name="closebrowser" finished-at="2025-03-06T14:37:58 IST" duration-ms="366" status="PASS">
          <reporter-output>
            <line>
              <![CDATA[Driver closed successfully]]>
            </line>
          </reporter-output>
        </test-method> <!-- closebrowser -->
        <test-method is-config="true" signature="URL()[pri:0, instance:Jenkins.Sample_Project.Flipkart@4ec4f3a0]" started-at="2025-03-06T14:37:58 IST" name="URL" finished-at="2025-03-06T14:38:01 IST" duration-ms="2984" status="PASS">
          <reporter-output>
            <line>
              <![CDATA[URL verified]]>
            </line>
          </reporter-output>
        </test-method> <!-- URL -->
        <test-method signature="Select_the_item_from_the_list()[pri:3, instance:Jenkins.Sample_Project.Flipkart@4ec4f3a0]" started-at="2025-03-06T14:38:01 IST" name="Select_the_item_from_the_list" finished-at="2025-03-06T14:38:17 IST" duration-ms="15422" status="PASS">
          <reporter-output>
            <line>
              <![CDATA[Page Title - Online Shopping Site for Mobiles, Electronics, Furniture, Grocery, Lifestyle, Books & More. Best Offers!]]>
            </line>
            <line>
              <![CDATA[url printed   https://www.flipkart.com/]]>
            </line>
            <line>
              <![CDATA[List of search results apple airpods
in True Wireless]]>
            </line>
            <line>
              <![CDATA[List of search results apple mobile
in Mobiles]]>
            </line>
            <line>
              <![CDATA[List of search results apple watch]]>
            </line>
            <line>
              <![CDATA[List of search results apple earphones wired]]>
            </line>
            <line>
              <![CDATA[List of search results apple 16e]]>
            </line>
            <line>
              <![CDATA[List of search results apple cider vinegar]]>
            </line>
            <line>
              <![CDATA[List of search results apple tablets]]>
            </line>
            <line>
              <![CDATA[apple watch clicked from the list]]>
            </line>
            <line>
              <![CDATA[Page title is - Apple Watch- Buy Products Online at Best Price in India - All Categories | Flipkart.com]]>
            </line>
            <line>
              <![CDATA[Item selected successfully]]>
            </line>
            <line>
              <![CDATA[The current URL is  https://www.flipkart.com/apple-watch-series-10-gps-46mm-jet-black-aluminium-sport-band/p/itm186d892337bc4?pid=SMWH4JBWQZTFDFJ4&lid=LSTSMWH4JBWQZTFDFJ4O1IKAL&marketplace=FLIPKART&q=apple+watch&store=ajy%2Fbuh&srno=s_1_1&otracker=AS_Query_OrganicAutoSuggest_3_5_na_na_na&otracker1=AS_Query_OrganicAutoSuggest_3_5_na_na_na&fm=search-autosuggest&iid=d289d152-5d8a-4c2f-9584-c0fe6ddb16fc.SMWH4JBWQZTFDFJ4.SEARCH&ppt=sp&ppn=sp&ssid=bq4qzm8pog0000001741252088358&qH=ac1abc0e63e8442c]]>
            </line>
            <line>
              <![CDATA[Page title is -Apple Watch Series 10 GPS 46mm Jet Black Aluminium with Black Sport Band Price in India - Buy Apple Watch Series 10 GPS 46mm Jet Black Aluminium with Black Sport Band online at Flipkart.com]]>
            </line>
          </reporter-output>
        </test-method> <!-- Select_the_item_from_the_list -->
        <test-method is-config="true" signature="closebrowser()[pri:0, instance:Jenkins.Sample_Project.Flipkart@4ec4f3a0]" started-at="2025-03-06T14:38:17 IST" name="closebrowser" finished-at="2025-03-06T14:38:18 IST" duration-ms="1010" status="PASS">
          <reporter-output>
            <line>
              <![CDATA[Driver closed successfully]]>
            </line>
          </reporter-output>
        </test-method> <!-- closebrowser -->
        <test-method is-config="true" signature="URL()[pri:0, instance:Jenkins.Sample_Project.Flipkart@4ec4f3a0]" started-at="2025-03-06T14:38:18 IST" name="URL" finished-at="2025-03-06T14:38:21 IST" duration-ms="3009" status="PASS">
          <reporter-output>
            <line>
              <![CDATA[URL verified]]>
            </line>
          </reporter-output>
        </test-method> <!-- URL -->
        <test-method signature="Additemtothecart()[pri:4, instance:Jenkins.Sample_Project.Flipkart@4ec4f3a0]" started-at="2025-03-06T14:38:21 IST" name="Additemtothecart" finished-at="2025-03-06T14:38:46 IST" duration-ms="24899" status="PASS">
          <reporter-output>
            <line>
              <![CDATA[Page Title - Online Shopping Site for Mobiles, Electronics, Furniture, Grocery, Lifestyle, Books & More. Best Offers!]]>
            </line>
            <line>
              <![CDATA[url printed   https://www.flipkart.com/]]>
            </line>
            <line>
              <![CDATA[List of search results apple airpods
in True Wireless]]>
            </line>
            <line>
              <![CDATA[List of search results apple mobile
in Mobiles]]>
            </line>
            <line>
              <![CDATA[List of search results apple watch]]>
            </line>
            <line>
              <![CDATA[List of search results apple earphones wired]]>
            </line>
            <line>
              <![CDATA[List of search results apple 16e]]>
            </line>
            <line>
              <![CDATA[List of search results apple cider vinegar]]>
            </line>
            <line>
              <![CDATA[List of search results apple tablets]]>
            </line>
            <line>
              <![CDATA[apple watch clicked from the list]]>
            </line>
            <line>
              <![CDATA[Page title is - Apple Watch- Buy Products Online at Best Price in India - All Categories | Flipkart.com]]>
            </line>
            <line>
              <![CDATA[Item selected successfully]]>
            </line>
            <line>
              <![CDATA[The current URL is  https://www.flipkart.com/apple-watch-series-10-gps-46mm-jet-black-aluminium-sport-band/p/itm186d892337bc4?pid=SMWH4JBWQZTFDFJ4&lid=LSTSMWH4JBWQZTFDFJ4O1IKAL&marketplace=FLIPKART&q=apple+watch&store=ajy%2Fbuh&srno=s_1_1&otracker=AS_Query_OrganicAutoSuggest_3_5_na_na_na&otracker1=AS_Query_OrganicAutoSuggest_3_5_na_na_na&fm=search-autosuggest&iid=e72f28a0-f773-41f9-9429-5f47cb4b5b89.SMWH4JBWQZTFDFJ4.SEARCH&ppt=sp&ppn=sp&ssid=zidzh5r9e80000001741252107894&qH=ac1abc0e63e8442c]]>
            </line>
            <line>
              <![CDATA[Page title is -Apple Watch Series 10 GPS 46mm Jet Black Aluminium with Black Sport Band Price in India - Buy Apple Watch Series 10 GPS 46mm Jet Black Aluminium with Black Sport Band online at Flipkart.com]]>
            </line>
            <line>
              <![CDATA[message captured Faster delivery by11 PM Tomorrow|Free₹70?]]>
            </line>
          </reporter-output>
        </test-method> <!-- Additemtothecart -->
        <test-method is-config="true" signature="closebrowser()[pri:0, instance:Jenkins.Sample_Project.Flipkart@4ec4f3a0]" started-at="2025-03-06T14:38:46 IST" name="closebrowser" finished-at="2025-03-06T14:38:46 IST" duration-ms="357" status="PASS">
          <reporter-output>
            <line>
              <![CDATA[Driver closed successfully]]>
            </line>
          </reporter-output>
        </test-method> <!-- closebrowser -->
        <test-method is-config="true" signature="URL()[pri:0, instance:Jenkins.Sample_Project.Flipkart@4ec4f3a0]" started-at="2025-03-06T14:38:46 IST" name="URL" finished-at="2025-03-06T14:38:49 IST" duration-ms="2834" status="PASS">
          <reporter-output>
            <line>
              <![CDATA[URL verified]]>
            </line>
          </reporter-output>
        </test-method> <!-- URL -->
        <test-method signature="Gotocartandverifytheaddeditem()[pri:5, instance:Jenkins.Sample_Project.Flipkart@4ec4f3a0]" started-at="2025-03-06T14:38:49 IST" name="Gotocartandverifytheaddeditem" finished-at="2025-03-06T14:39:17 IST" duration-ms="27734" status="PASS">
          <reporter-output>
            <line>
              <![CDATA[Page Title - Online Shopping Site for Mobiles, Electronics, Furniture, Grocery, Lifestyle, Books & More. Best Offers!]]>
            </line>
            <line>
              <![CDATA[url printed   https://www.flipkart.com/]]>
            </line>
            <line>
              <![CDATA[List of search results apple airpods
in True Wireless]]>
            </line>
            <line>
              <![CDATA[List of search results apple mobile
in Mobiles]]>
            </line>
            <line>
              <![CDATA[List of search results apple watch]]>
            </line>
            <line>
              <![CDATA[List of search results apple earphones wired]]>
            </line>
            <line>
              <![CDATA[List of search results apple 16e]]>
            </line>
            <line>
              <![CDATA[List of search results apple cider vinegar]]>
            </line>
            <line>
              <![CDATA[List of search results apple tablets]]>
            </line>
            <line>
              <![CDATA[apple watch clicked from the list]]>
            </line>
            <line>
              <![CDATA[Page title is - Apple Watch- Buy Products Online at Best Price in India - All Categories | Flipkart.com]]>
            </line>
            <line>
              <![CDATA[Item selected successfully]]>
            </line>
            <line>
              <![CDATA[The current URL is  https://www.flipkart.com/apple-watch-series-10-gps-46mm-jet-black-aluminium-sport-band/p/itm186d892337bc4?pid=SMWH4JBWQZTFDFJ4&lid=LSTSMWH4JBWQZTFDFJ4O1IKAL&marketplace=FLIPKART&q=apple+watch&store=ajy%2Fbuh&srno=s_1_1&otracker=AS_Query_OrganicAutoSuggest_3_5_na_na_na&otracker1=AS_Query_OrganicAutoSuggest_3_5_na_na_na&fm=search-autosuggest&iid=dbbffe4e-344b-4b2a-bb60-22745b8b94bf.SMWH4JBWQZTFDFJ4.SEARCH&ppt=sp&ppn=sp&ssid=2tbkedymr40000001741252135788&qH=ac1abc0e63e8442c]]>
            </line>
            <line>
              <![CDATA[Page title is -Apple Watch Series 10 GPS 46mm Jet Black Aluminium with Black Sport Band Price in India - Buy Apple Watch Series 10 GPS 46mm Jet Black Aluminium with Black Sport Band online at Flipkart.com]]>
            </line>
            <line>
              <![CDATA[message captured Faster delivery by11 PM Tomorrow|Free₹70?]]>
            </line>
            <line>
              <![CDATA[Page title is - Shopping Cart | Flipkart.com]]>
            </line>
            <line>
              <![CDATA[PRICE DETAILS
Price (1 item)
₹49,900
Discount
− ₹8,901
Delivery Charges
₹70Free
Protect Promise Fee
₹49
Total Amount
₹41,048
You will save ₹8,852 on this order]]>
            </line>
          </reporter-output>
        </test-method> <!-- Gotocartandverifytheaddeditem -->
        <test-method is-config="true" signature="closebrowser()[pri:0, instance:Jenkins.Sample_Project.Flipkart@4ec4f3a0]" started-at="2025-03-06T14:39:17 IST" name="closebrowser" finished-at="2025-03-06T14:39:17 IST" duration-ms="397" status="PASS">
          <reporter-output>
            <line>
              <![CDATA[Driver closed successfully]]>
            </line>
          </reporter-output>
        </test-method> <!-- closebrowser -->
        <test-method is-config="true" signature="URL()[pri:0, instance:Jenkins.Sample_Project.Flipkart@4ec4f3a0]" started-at="2025-03-06T14:39:17 IST" name="URL" finished-at="2025-03-06T14:39:20 IST" duration-ms="3226" status="PASS">
          <reporter-output>
            <line>
              <![CDATA[URL verified]]>
            </line>
          </reporter-output>
        </test-method> <!-- URL -->
        <test-method signature="Placeorder()[pri:6, instance:Jenkins.Sample_Project.Flipkart@4ec4f3a0]" started-at="2025-03-06T14:39:20 IST" name="Placeorder" finished-at="2025-03-06T14:39:49 IST" duration-ms="28955" status="PASS">
          <reporter-output>
            <line>
              <![CDATA[Page Title - Online Shopping Site for Mobiles, Electronics, Furniture, Grocery, Lifestyle, Books & More. Best Offers!]]>
            </line>
            <line>
              <![CDATA[url printed   https://www.flipkart.com/]]>
            </line>
            <line>
              <![CDATA[List of search results apple airpods
in True Wireless]]>
            </line>
            <line>
              <![CDATA[List of search results apple mobile
in Mobiles]]>
            </line>
            <line>
              <![CDATA[List of search results apple watch]]>
            </line>
            <line>
              <![CDATA[List of search results apple earphones wired]]>
            </line>
            <line>
              <![CDATA[List of search results apple 16e]]>
            </line>
            <line>
              <![CDATA[List of search results apple cider vinegar]]>
            </line>
            <line>
              <![CDATA[List of search results apple tablets]]>
            </line>
            <line>
              <![CDATA[apple watch clicked from the list]]>
            </line>
            <line>
              <![CDATA[Page title is - Apple Watch- Buy Products Online at Best Price in India - All Categories | Flipkart.com]]>
            </line>
            <line>
              <![CDATA[Item selected successfully]]>
            </line>
            <line>
              <![CDATA[The current URL is  https://www.flipkart.com/apple-watch-series-10-gps-46mm-jet-black-aluminium-sport-band/p/itm186d892337bc4?pid=SMWH4JBWQZTFDFJ4&lid=LSTSMWH4JBWQZTFDFJ4O1IKAL&marketplace=FLIPKART&q=apple+watch&store=ajy%2Fbuh&srno=s_1_1&otracker=AS_Query_OrganicAutoSuggest_3_5_na_na_na&otracker1=AS_Query_OrganicAutoSuggest_3_5_na_na_na&fm=search-autosuggest&iid=dc865069-055f-4dc4-b809-a2dd5d6c20a9.SMWH4JBWQZTFDFJ4.SEARCH&ppt=sp&ppn=sp&ssid=9czxu14pvk0000001741252167140&qH=ac1abc0e63e8442c]]>
            </line>
            <line>
              <![CDATA[Page title is -Apple Watch Series 10 GPS 46mm Jet Black Aluminium with Black Sport Band Price in India - Buy Apple Watch Series 10 GPS 46mm Jet Black Aluminium with Black Sport Band online at Flipkart.com]]>
            </line>
            <line>
              <![CDATA[message captured Faster delivery by11 PM Tomorrow|Free₹70?]]>
            </line>
            <line>
              <![CDATA[Page title is - Shopping Cart | Flipkart.com]]>
            </line>
            <line>
              <![CDATA[PRICE DETAILS
Price (1 item)
₹49,900
Discount
− ₹8,901
Delivery Charges
₹70Free
Protect Promise Fee
₹49
Total Amount
₹41,048
You will save ₹8,852 on this order]]>
            </line>
            <line>
              <![CDATA[Page title - Flipkart.com: Secure Payment: Login > Select Shipping Address > Review Order > Place Order]]>
            </line>
          </reporter-output>
        </test-method> <!-- Placeorder -->
        <test-method is-config="true" signature="closebrowser()[pri:0, instance:Jenkins.Sample_Project.Flipkart@4ec4f3a0]" started-at="2025-03-06T14:39:49 IST" name="closebrowser" finished-at="2025-03-06T14:39:50 IST" duration-ms="386" status="PASS">
          <reporter-output>
            <line>
              <![CDATA[Driver closed successfully]]>
            </line>
          </reporter-output>
        </test-method> <!-- closebrowser -->
      </class> <!-- Jenkins.Sample_Project.Flipkart -->
    </test> <!-- Default test -->
  </suite> <!-- Default suite -->
</testng-results>
